<?xml version="1.0" encoding="utf-8"?><testsuites name="pytest tests"><testsuite name="pytest" errors="0" failures="0" skipped="0" tests="21" time="4.400" timestamp="2026-05-11T18:42:52.385936+00:00" hostname="agent-env-bbbfac6e-641d-4abe-a1d0-3b4f3302856c"><testcase classname="backend.tests.test_iteration7_traversees_history.TestAuthAccess" name="test_history_requires_auth" time="0.162" /><testcase classname="backend.tests.test_iteration7_traversees_history.TestAuthAccess" name="test_pdf_requires_auth" time="0.194" /><testcase classname="backend.tests.test_iteration7_traversees_history.TestAuthAccess" name="test_all_staff_roles_can_read_history[admin]" time="1.164" /><testcase classname="backend.tests.test_iteration7_traversees_history.TestAuthAccess" name="test_all_staff_roles_can_read_history[manager]" time="0.168" /><testcase classname="backend.tests.test_iteration7_traversees_history.TestAuthAccess" name="test_all_staff_roles_can_read_history[reception]" time="0.146" /><testcase classname="backend.tests.test_iteration7_traversees_history.TestAuthAccess" name="test_all_staff_roles_can_download_pdf[admin]" time="0.299" /><testcase classname="backend.tests.test_iteration7_traversees_history.TestAuthAccess" name="test_all_staff_roles_can_download_pdf[manager]" time="0.121" /><testcase classname="backend.tests.test_iteration7_traversees_history.TestAuthAccess" name="test_all_staff_roles_can_download_pdf[reception]" time="0.120" /><testcase classname="backend.tests.test_iteration7_traversees_history.TestPeriodResolution" name="test_day_period_returns_correct_range" time="0.131" /><testcase classname="backend.tests.test_iteration7_traversees_history.TestPeriodResolution" name="test_week_period_returns_monday_to_next_monday" time="0.117" /><testcase classname="backend.tests.test_iteration7_traversees_history.TestPeriodResolution" name="test_week_mid_week_date_snaps_to_monday" time="0.137" /><testcase classname="backend.tests.test_iteration7_traversees_history.TestPeriodResolution" name="test_month_period" time="0.120" /><testcase classname="backend.tests.test_iteration7_traversees_history.TestValidation" name="test_invalid_period_returns_400" time="0.152" /><testcase classname="backend.tests.test_iteration7_traversees_history.TestValidation" name="test_invalid_date_returns_400" time="0.129" /><testcase classname="backend.tests.test_iteration7_traversees_history.TestValidation" name="test_invalid_status_returns_400" time="0.149" /><testcase classname="backend.tests.test_iteration7_traversees_history.TestPayloadShape" name="test_history_payload_contains_all_keys" time="0.137" /><testcase classname="backend.tests.test_iteration7_traversees_history.TestPayloadShape" name="test_status_filter_only_returns_terminated" time="0.141" /><testcase classname="backend.tests.test_iteration7_traversees_history.TestPdfExport" name="test_pdf_is_valid_binary" time="0.134" /><testcase classname="backend.tests.test_iteration7_traversees_history.TestPdfExport" name="test_pdf_week_and_month_succeed" time="0.294" /><testcase classname="backend.tests.test_iteration7_traversees_history.TestPdfExport" name="test_pdf_with_status_filter" time="0.136" /><testcase classname="backend.tests.test_iteration7_traversees_history.TestPdfExport" name="test_pdf_invalid_period_returns_400" time="0.161" /></testsuite></testsuites>