<?xml version="1.0" encoding="utf-8"?><testsuites name="pytest tests"><testsuite name="pytest" errors="0" failures="2" skipped="0" tests="17" time="9.071" timestamp="2026-06-15T16:51:03.397070+00:00" hostname="agent-env-bbbfac6e-641d-4abe-a1d0-3b4f3302856c"><testcase classname="backend.tests.test_iteration44_pending_relance.TestScannerRegression" name="test_scan_full_32hex_token" time="1.237" /><testcase classname="backend.tests.test_iteration44_pending_relance.TestScannerRegression" name="test_scan_uppercase_token" time="0.634" /><testcase classname="backend.tests.test_iteration44_pending_relance.TestScannerRegression" name="test_scan_json_url_encoded" time="0.628" /><testcase classname="backend.tests.test_iteration44_pending_relance.TestScannerRegression" name="test_scan_booking_id_prefix" time="0.707" /><testcase classname="backend.tests.test_iteration44_pending_relance.TestScannerRegression" name="test_scan_checkin_idempotent" time="0.617" /><testcase classname="backend.tests.test_iteration44_pending_relance.TestDashboard" name="test_dashboard_pending_relance_count_is_int" time="0.142" /><testcase classname="backend.tests.test_iteration44_pending_relance.TestDashboard" name="test_dashboard_pipeline_excludes_pending" time="0.164"><failure message="AssertionError: assert 'pending_cash_payment' in {}">backend/tests/test_iteration44_pending_relance.py:182: in test_dashboard_pipeline_excludes_pending
    assert "pending_cash_payment" in pipeline
E   AssertionError: assert 'pending_cash_payment' in {}</failure></testcase><testcase classname="backend.tests.test_iteration44_pending_relance.TestBookingsListFiltering" name="test_default_excludes_pending" time="0.966" /><testcase classname="backend.tests.test_iteration44_pending_relance.TestBookingsListFiltering" name="test_include_pending_surfaces_pending" time="1.304" /><testcase classname="backend.tests.test_iteration44_pending_relance.TestBookingsListFiltering" name="test_status_pending_filter" time="0.106" /><testcase classname="backend.tests.test_iteration44_pending_relance.TestPendingEndpoint" name="test_pending_endpoint_shape" time="0.106" /><testcase classname="backend.tests.test_iteration44_pending_relance.TestPendingEndpoint" name="test_pending_endpoint_days_filter" time="0.279" /><testcase classname="backend.tests.test_iteration44_pending_relance.TestPendingEndpoint" name="test_pending_endpoint_search" time="0.232" /><testcase classname="backend.tests.test_iteration44_pending_relance.TestPendingEndpoint" name="test_pending_hotesse_forbidden" time="0.478"><failure message="AssertionError: hotesse expected 403 got 200&#10;assert 200 == 403&#10; +  where 200 = &lt;Response [200]&gt;.status_code">backend/tests/test_iteration44_pending_relance.py:269: in test_pending_hotesse_forbidden
    assert r.status_code == 403, f"hotesse expected 403 got {r.status_code}"
E   AssertionError: hotesse expected 403 got 200
E   assert 200 == 403
E    +  where 200 = &lt;Response [200]&gt;.status_code</failure></testcase><testcase classname="backend.tests.test_iteration44_pending_relance.TestResendPaymentLink" name="test_resend_happy_path_and_cumulative_log" time="0.982" /><testcase classname="backend.tests.test_iteration44_pending_relance.TestResendPaymentLink" name="test_resend_on_confirmed_returns_400" time="0.266" /><testcase classname="backend.tests.test_iteration44_pending_relance.TestResendPaymentLink" name="test_resend_unknown_booking_404" time="0.104" /></testsuite></testsuites>