<?xml version="1.0" encoding="utf-8"?><testsuites name="pytest tests"><testsuite name="pytest" errors="0" failures="0" skipped="0" tests="19" time="2.826" timestamp="2026-06-18T12:22:32.635821+00:00" hostname="agent-env-bbbfac6e-641d-4abe-a1d0-3b4f3302856c"><testcase classname="backend.tests.test_iteration_phaseB_revenue.TestPublicLeadEndpoints" name="test_contact_message_submit" time="0.136" /><testcase classname="backend.tests.test_iteration_phaseB_revenue.TestPublicLeadEndpoints" name="test_contact_message_validation" time="0.099" /><testcase classname="backend.tests.test_iteration_phaseB_revenue.TestPublicLeadEndpoints" name="test_newsletter_subscribe_new" time="0.107" /><testcase classname="backend.tests.test_iteration_phaseB_revenue.TestPublicLeadEndpoints" name="test_newsletter_subscribe_idempotent" time="0.205" /><testcase classname="backend.tests.test_iteration_phaseB_revenue.TestPublicLeadEndpoints" name="test_newsletter_invalid_email" time="0.092" /><testcase classname="backend.tests.test_iteration_phaseB_revenue.TestExistingMarketing" name="test_stats_today" time="0.101" /><testcase classname="backend.tests.test_iteration_phaseB_revenue.TestStaffLeadsEndpoints" name="test_list_contact_messages_requires_auth" time="0.293" /><testcase classname="backend.tests.test_iteration_phaseB_revenue.TestStaffLeadsEndpoints" name="test_list_contact_messages_admin" time="0.445" /><testcase classname="backend.tests.test_iteration_phaseB_revenue.TestStaffLeadsEndpoints" name="test_patch_contact_message" time="0.210" /><testcase classname="backend.tests.test_iteration_phaseB_revenue.TestStaffLeadsEndpoints" name="test_patch_contact_message_404" time="0.099" /><testcase classname="backend.tests.test_iteration_phaseB_revenue.TestStaffLeadsEndpoints" name="test_list_newsletter_subscribers_requires_auth" time="0.093" /><testcase classname="backend.tests.test_iteration_phaseB_revenue.TestStaffLeadsEndpoints" name="test_list_newsletter_subscribers_admin" time="0.099" /><testcase classname="backend.tests.test_iteration_phaseB_revenue.TestStaffLeadsEndpoints" name="test_export_newsletter_csv" time="0.099" /><testcase classname="backend.tests.test_iteration_phaseB_revenue.TestMarketingDashboard" name="test_dashboard_requires_auth" time="0.097" /><testcase classname="backend.tests.test_iteration_phaseB_revenue.TestMarketingDashboard" name="test_dashboard_period[7d]" time="0.108" /><testcase classname="backend.tests.test_iteration_phaseB_revenue.TestMarketingDashboard" name="test_dashboard_period[30d]" time="0.119" /><testcase classname="backend.tests.test_iteration_phaseB_revenue.TestMarketingDashboard" name="test_dashboard_period[90d]" time="0.128" /><testcase classname="backend.tests.test_iteration_phaseB_revenue.TestMarketingDashboard" name="test_dashboard_period[365d]" time="0.106" /><testcase classname="backend.tests.test_iteration_phaseB_revenue.TestMarketingDashboard" name="test_dashboard_invalid_period" time="0.100" /></testsuite></testsuites>