<?xml version="1.0" encoding="utf-8"?><testsuites name="pytest tests"><testsuite name="pytest" errors="0" failures="0" skipped="0" tests="32" time="10.839" timestamp="2026-05-14T13:43:11.396828+00:00" hostname="agent-env-bbbfac6e-641d-4abe-a1d0-3b4f3302856c"><testcase classname="backend.tests.test_iteration13_poles.TestPolesPublic" name="test_list_poles" time="0.190" /><testcase classname="backend.tests.test_iteration13_poles.TestPolesPublic" name="test_pole_beach_club_sub_offers" time="0.181" /><testcase classname="backend.tests.test_iteration13_poles.TestPolesPublic" name="test_pole_hebergement_sub_offers" time="0.136" /><testcase classname="backend.tests.test_iteration13_poles.TestPolesPublic" name="test_pole_corporate_sub_offers" time="0.120" /><testcase classname="backend.tests.test_iteration13_poles.TestPolesPublic" name="test_pole_activites_events_sub_offers" time="0.164" /><testcase classname="backend.tests.test_iteration13_poles.TestPolesPublic" name="test_pole_le_kaai_sub_offers" time="0.131" /><testcase classname="backend.tests.test_iteration13_poles.TestPolesPublic" name="test_pole_unknown" time="0.115" /><testcase classname="backend.tests.test_iteration13_poles.TestOfferPoleField" name="test_offer_has_pole[spa_wellness-hebergement]" time="0.140" /><testcase classname="backend.tests.test_iteration13_poles.TestOfferPoleField" name="test_offer_has_pole[seminaire-corporate]" time="0.124" /><testcase classname="backend.tests.test_iteration13_poles.TestOfferPoleField" name="test_offer_has_pole[team_building-corporate]" time="0.125" /><testcase classname="backend.tests.test_iteration13_poles.TestOfferPoleField" name="test_offer_has_pole[offres_loisirs-activites_events]" time="0.147" /><testcase classname="backend.tests.test_iteration13_poles.TestNewOfferBookings" name="test_spa_wellness_creates_with_pole_hebergement" time="0.127" /><testcase classname="backend.tests.test_iteration13_poles.TestNewOfferBookings" name="test_seminaire_weekday_pole_corporate" time="0.113" /><testcase classname="backend.tests.test_iteration13_poles.TestNewOfferBookings" name="test_team_building_weekday_pole_corporate" time="0.122" /><testcase classname="backend.tests.test_iteration13_poles.TestNewOfferBookings" name="test_offres_loisirs_pole_activites_events" time="0.123" /><testcase classname="backend.tests.test_iteration13_poles.TestNewOfferBookings" name="test_seminaire_weekend_refused_400" time="0.119" /><testcase classname="backend.tests.test_iteration13_poles.TestNewOfferBookings" name="test_team_building_sunday_refused_400" time="0.109" /><testcase classname="backend.tests.test_iteration13_poles.TestNewOfferBookings" name="test_spa_wellness_invalid_boat_time_400" time="0.124" /><testcase classname="backend.tests.test_iteration13_poles.TestStaffBookingsByPole" name="test_pole_beach_club" time="1.473" /><testcase classname="backend.tests.test_iteration13_poles.TestStaffBookingsByPole" name="test_pole_corporate" time="0.128" /><testcase classname="backend.tests.test_iteration13_poles.TestStaffBookingsByPole" name="test_pole_activites_events_includes_special_events" time="0.214" /><testcase classname="backend.tests.test_iteration13_poles.TestStaffBookingsByPole" name="test_pole_hebergement" time="0.491" /><testcase classname="backend.tests.test_iteration13_poles.TestStaffBookingsByPole" name="test_pole_le_kaai" time="0.182" /><testcase classname="backend.tests.test_iteration13_poles.TestDashboardPoleBreakdown" name="test_dashboard_has_pole_breakdown" time="0.184" /><testcase classname="backend.tests.test_iteration13_poles.TestRevenueByPole" name="test_revenue_30d_by_pole" time="0.142" /><testcase classname="backend.tests.test_iteration13_poles.TestBackfillPoles" name="test_all_bookings_have_pole_field" time="2.258" /><testcase classname="backend.tests.test_iteration13_poles.TestBackfillPoles" name="test_legacy_pass_day_have_pole_beach_club" time="1.533" /><testcase classname="backend.tests.test_iteration13_poles.TestBackfillPoles" name="test_legacy_hebergement_have_pole_hebergement" time="0.625" /><testcase classname="backend.tests.test_iteration13_poles.TestBackfillPoles" name="test_legacy_le_kaai_have_pole_le_kaai" time="0.226" /><testcase classname="backend.tests.test_iteration13_poles.TestRegressionPrevPhase" name="test_special_events_featured_still_works" time="0.131" /><testcase classname="backend.tests.test_iteration13_poles.TestRegressionPrevPhase" name="test_offers_list_includes_new_offers" time="0.111" /><testcase classname="backend.tests.test_iteration13_poles.TestRegressionPrevPhase" name="test_manager_can_create_special_event" time="0.618" /></testsuite></testsuites>