<?xml version="1.0" encoding="utf-8"?><testsuites name="pytest tests"><testsuite name="pytest" errors="0" failures="0" skipped="3" tests="11" time="39.617" timestamp="2026-06-14T16:19:14.752119+00:00" hostname="agent-env-bbbfac6e-641d-4abe-a1d0-3b4f3302856c"><testcase classname="backend.tests.test_iteration28_ticket_image.TestNewTicketTemplatePerOffer" name="test_offer_ticket_image_valid[pass_day]" time="7.399" /><testcase classname="backend.tests.test_iteration28_ticket_image.TestNewTicketTemplatePerOffer" name="test_offer_ticket_image_valid[le_kaai]" time="3.070" /><testcase classname="backend.tests.test_iteration28_ticket_image.TestNewTicketTemplatePerOffer" name="test_offer_ticket_image_valid[sunset]" time="5.464" /><testcase classname="backend.tests.test_iteration28_ticket_image.TestNewTicketTemplatePerOffer" name="test_offer_ticket_image_valid[brunch]" time="6.365" /><testcase classname="backend.tests.test_iteration28_ticket_image.TestCompositionRendering" name="test_sunset_composition" time="0.106"><skipped type="pytest.xfail" message="Backend does not auto-split children by DOB (children_paid 6-12 vs children_free &lt;6). Got paid=2, free=0. Ticket still renders OK." /></testcase><testcase classname="backend.tests.test_iteration28_ticket_image.TestCompanionTicket" name="test_companion_register_returns_new_ticket" time="6.276"><skipped type="pytest.skip" message="companion register endpoint not found: 404 {&quot;detail&quot;:&quot;Not Found&quot;}">/app/backend/tests/test_iteration28_ticket_image.py:244: companion register endpoint not found: 404 {"detail":"Not Found"}</skipped></testcase><testcase classname="backend.tests.test_iteration28_ticket_image.TestStaffBookingTicket" name="test_staff_manual_booking_ticket" time="5.934" /><testcase classname="backend.tests.test_iteration28_ticket_image.TestQrScan" name="test_qr_scan_and_checkin" time="4.762" /><testcase classname="backend.tests.test_iteration28_ticket_image.TestMultiDaySpecialEvent" name="test_multi_day_passport" time="0.101"><skipped type="pytest.skip" message="special-events listing not available (404)">/app/backend/tests/test_iteration28_ticket_image.py:337: special-events listing not available (404)</skipped></testcase><testcase classname="backend.tests.test_iteration28_ticket_image.TestBackendLogsClean" name="test_no_pillow_qrcode_errors_recent" time="0.014" /><testcase classname="backend.tests.test_iteration28_ticket_image.TestBackendLogsClean" name="test_no_smtp_errors_recent" time="0.012" /></testsuite></testsuites>