<?xml version="1.0" encoding="utf-8"?><testsuites name="pytest tests"><testsuite name="pytest" errors="0" failures="0" skipped="0" tests="19" time="6.983" timestamp="2026-06-11T17:08:07.272115+00:00" hostname="agent-env-bbbfac6e-641d-4abe-a1d0-3b4f3302856c"><testcase classname="backend.tests.test_iteration21_corporate_visitors_loisirs.TestLoisirsCRUD" name="test_public_list_active" time="1.337" /><testcase classname="backend.tests.test_iteration21_corporate_visitors_loisirs.TestLoisirsCRUD" name="test_create_requires_auth" time="0.099" /><testcase classname="backend.tests.test_iteration21_corporate_visitors_loisirs.TestLoisirsCRUD" name="test_full_crud_flow" time="0.555" /><testcase classname="backend.tests.test_iteration21_corporate_visitors_loisirs.TestLoisirsCRUD" name="test_create_validation" time="0.106" /><testcase classname="backend.tests.test_iteration21_corporate_visitors_loisirs.TestCorporateRequests" name="test_crud_basic" time="0.330" /><testcase classname="backend.tests.test_iteration21_corporate_visitors_loisirs.TestCorporateRequests" name="test_public_form_invalid_token" time="0.112" /><testcase classname="backend.tests.test_iteration21_corporate_visitors_loisirs.TestCorporateRequests" name="test_public_form_closed" time="0.361" /><testcase classname="backend.tests.test_iteration21_corporate_visitors_loisirs.TestCorporateRequests" name="test_capacity_countdown" time="1.041" /><testcase classname="backend.tests.test_iteration21_corporate_visitors_loisirs.TestVisitorRegistrations" name="test_client_kind_rejected" time="0.115" /><testcase classname="backend.tests.test_iteration21_corporate_visitors_loisirs.TestVisitorRegistrations" name="test_create_kinds[personnel]" time="0.103" /><testcase classname="backend.tests.test_iteration21_corporate_visitors_loisirs.TestVisitorRegistrations" name="test_create_kinds[prestataire]" time="0.100" /><testcase classname="backend.tests.test_iteration21_corporate_visitors_loisirs.TestVisitorRegistrations" name="test_create_kinds[invite]" time="0.102" /><testcase classname="backend.tests.test_iteration21_corporate_visitors_loisirs.TestVisitorRegistrations" name="test_list_with_counts" time="0.125" /><testcase classname="backend.tests.test_iteration21_corporate_visitors_loisirs.TestVisitorRegistrations" name="test_export_csv_route_not_shadowed" time="0.107" /><testcase classname="backend.tests.test_iteration21_corporate_visitors_loisirs.TestVisitorRegistrations" name="test_traversee_id_validation" time="0.569" /><testcase classname="backend.tests.test_iteration21_corporate_visitors_loisirs.TestWhatsappRegression" name="test_booking_post_accepts_whatsapp" time="0.095" /><testcase classname="backend.tests.test_iteration21_corporate_visitors_loisirs.TestCheckinsOfferTypeFilter" name="test_offer_type_filter_accepted" time="0.103" /><testcase classname="backend.tests.test_iteration21_corporate_visitors_loisirs.TestCheckinsOfferTypeFilter" name="test_legacy_filters_still_work" time="0.217" /><testcase classname="backend.tests.test_iteration21_corporate_visitors_loisirs.TestTraverseePDF" name="test_pdf_manifest" time="1.302" /></testsuite></testsuites>