<?xml version="1.0" encoding="utf-8"?><testsuites name="pytest tests"><testsuite name="pytest" errors="0" failures="0" skipped="1" tests="20" time="8.703" timestamp="2026-06-11T22:28:07.958306+00:00" hostname="agent-env-bbbfac6e-641d-4abe-a1d0-3b4f3302856c"><testcase classname="backend.tests.test_iteration26_bug_sweep.TestCorporateFlow" name="test_create_returns_slug_and_token" time="0.503" /><testcase classname="backend.tests.test_iteration26_bug_sweep.TestCorporateFlow" name="test_public_form_resolves_by_slug" time="0.301" /><testcase classname="backend.tests.test_iteration26_bug_sweep.TestCorporateFlow" name="test_register_returns_ticket_image_and_booking" time="0.753" /><testcase classname="backend.tests.test_iteration26_bug_sweep.TestCorporateFlow" name="test_scan_then_checkin_then_duplicate" time="0.431" /><testcase classname="backend.tests.test_iteration26_bug_sweep.TestCorporateFlow" name="test_register_full_returns_403" time="1.462" /><testcase classname="backend.tests.test_iteration26_bug_sweep.TestCorporateFlow" name="test_register_missing_required_field" time="0.199" /><testcase classname="backend.tests.test_iteration26_bug_sweep.TestLoisirs" name="test_crud_with_image" time="0.547" /><testcase classname="backend.tests.test_iteration26_bug_sweep.TestFleet" name="test_boats_have_fuel_field" time="0.103" /><testcase classname="backend.tests.test_iteration26_bug_sweep.TestFleet" name="test_skipper_crud_and_cascade" time="1.010" /><testcase classname="backend.tests.test_iteration26_bug_sweep.TestFleet" name="test_traversee_patch_and_delete_rules" time="0.533" /><testcase classname="backend.tests.test_iteration26_bug_sweep.TestStatsAdvanced" name="test_full_shape" time="0.103" /><testcase classname="backend.tests.test_iteration26_bug_sweep.TestScannerHistory" name="test_history_with_summary" time="0.106" /><testcase classname="backend.tests.test_iteration26_bug_sweep.TestScannerHistory" name="test_history_filters" time="0.104" /><testcase classname="backend.tests.test_iteration26_bug_sweep.TestScannerHistory" name="test_history_date_range" time="0.109" /><testcase classname="backend.tests.test_iteration26_bug_sweep.TestBookingsTunnel" name="test_cash_pending_then_confirm_idempotent" time="0.093"><skipped type="pytest.skip" message="booking POST not 200: 400 {&quot;detail&quot;:&quot;Email et téléphone obligatoires pour le réservant&quot;}">/app/backend/tests/test_iteration26_bug_sweep.py:442: booking POST not 200: 400 {"detail":"Email et téléphone obligatoires pour le réservant"}</skipped></testcase><testcase classname="backend.tests.test_iteration26_bug_sweep.TestNotifications" name="test_new_bookings_since" time="0.107" /><testcase classname="backend.tests.test_iteration26_bug_sweep.TestPoles" name="test_list_poles" time="0.095" /><testcase classname="backend.tests.test_iteration26_bug_sweep.TestPoles" name="test_pole_detail_has_sub_offers" time="0.097" /><testcase classname="backend.tests.test_iteration26_bug_sweep.TestSpecialEvents" name="test_featured_endpoint" time="0.098" /><testcase classname="backend.tests.test_iteration26_bug_sweep.TestSpecialEvents" name="test_atomic_feature" time="1.843" /></testsuite></testsuites>