<?xml version="1.0" encoding="utf-8"?><testsuites name="pytest tests"><testsuite name="pytest" errors="0" failures="0" skipped="0" tests="23" time="5.165" timestamp="2026-06-15T12:17:48.173010+00:00" hostname="agent-env-bbbfac6e-641d-4abe-a1d0-3b4f3302856c"><testcase classname="backend.tests.test_iteration42_cantine" name="test_public_services_returns_10_seeded" time="0.166" /><testcase classname="backend.tests.test_iteration42_cantine" name="test_public_create_personnel_user_returns_code_and_22_credits" time="0.115" /><testcase classname="backend.tests.test_iteration42_cantine" name="test_public_create_prestataire_user_has_0_credits" time="0.119" /><testcase classname="backend.tests.test_iteration42_cantine" name="test_public_create_user_duplicate_returns_409" time="0.225" /><testcase classname="backend.tests.test_iteration42_cantine" name="test_public_create_user_unknown_service_returns_400" time="0.101" /><testcase classname="backend.tests.test_iteration42_cantine" name="test_public_lookup_user_case_insensitive" time="0.211" /><testcase classname="backend.tests.test_iteration42_cantine" name="test_public_lookup_unknown_returns_404" time="0.115" /><testcase classname="backend.tests.test_iteration42_cantine" name="test_public_reservation_creates_for_tomorrow_and_decrements_credit" time="0.209" /><testcase classname="backend.tests.test_iteration42_cantine" name="test_public_reservation_not_confirmed_returns_400" time="0.198" /><testcase classname="backend.tests.test_iteration42_cantine" name="test_public_reservation_idempotence_409" time="0.293" /><testcase classname="backend.tests.test_iteration42_cantine" name="test_public_reservation_prestataire_no_credits_400" time="0.208" /><testcase classname="backend.tests.test_iteration42_cantine" name="test_staff_dashboard_admin" time="0.454" /><testcase classname="backend.tests.test_iteration42_cantine" name="test_staff_reservations_tomorrow" time="0.094" /><testcase classname="backend.tests.test_iteration42_cantine" name="test_pointage_not_reserved_returns_422" time="0.198" /><testcase classname="backend.tests.test_iteration42_cantine" name="test_pointage_supervisor_override_creates_consumed" time="0.289" /><testcase classname="backend.tests.test_iteration42_cantine" name="test_export_xlsx" time="0.106" /><testcase classname="backend.tests.test_iteration42_cantine" name="test_export_pdf" time="0.127" /><testcase classname="backend.tests.test_iteration42_cantine" name="test_settings_get_and_put" time="0.324" /><testcase classname="backend.tests.test_iteration42_cantine" name="test_services_create_and_dup" time="0.288" /><testcase classname="backend.tests.test_iteration42_cantine" name="test_staff_users_list" time="0.112" /><testcase classname="backend.tests.test_iteration42_cantine" name="test_hotesse_forbidden_on_dashboard" time="0.421" /><testcase classname="backend.tests.test_iteration42_cantine" name="test_hotesse_can_pointage" time="0.203" /><testcase classname="backend.tests.test_iteration42_cantine" name="test_scheduler_jobs_direct" time="0.515" /></testsuite></testsuites>