<?xml version="1.0" encoding="utf-8"?><testsuites name="pytest tests"><testsuite name="pytest" errors="0" failures="0" skipped="0" tests="11" time="17.711" timestamp="2026-05-11T19:28:24.682878+00:00" hostname="agent-env-bbbfac6e-641d-4abe-a1d0-3b4f3302856c"><testcase classname="backend.tests.test_iteration9_deposit.TestDepositPaymentHebergement" name="test_deposit_pct_valid[10]" time="2.343" /><testcase classname="backend.tests.test_iteration9_deposit.TestDepositPaymentHebergement" name="test_deposit_pct_valid[30]" time="2.027" /><testcase classname="backend.tests.test_iteration9_deposit.TestDepositPaymentHebergement" name="test_deposit_pct_valid[70]" time="2.001" /><testcase classname="backend.tests.test_iteration9_deposit.TestDepositPaymentHebergement" name="test_deposit_pct_50_rejected_422" time="0.263" /><testcase classname="backend.tests.test_iteration9_deposit.TestDepositPaymentHebergement" name="test_deposit_missing_pct_rejected" time="0.274" /><testcase classname="backend.tests.test_iteration9_deposit.TestDepositRejectedOnNonOvernight" name="test_deposit_on_passday_rejected" time="0.272" /><testcase classname="backend.tests.test_iteration9_deposit.TestBackwardsCompatFullPayment" name="test_full_payment_on_hebergement[card]" time="2.039" /><testcase classname="backend.tests.test_iteration9_deposit.TestBackwardsCompatFullPayment" name="test_full_payment_on_hebergement[fineo]" time="2.021" /><testcase classname="backend.tests.test_iteration9_deposit.TestBackwardsCompatFullPayment" name="test_full_payment_on_hebergement[mobile_money]" time="2.010" /><testcase classname="backend.tests.test_iteration9_deposit.TestBackwardsCompatFullPayment" name="test_cash_on_passday_still_works" time="1.799" /><testcase classname="backend.tests.test_iteration9_deposit.TestStaffBookingDetailExposesDepositFields" name="test_manager_sees_deposit_fields" time="2.576" /></testsuite></testsuites>