<?xml version="1.0" encoding="utf-8"?><testsuites name="pytest tests"><testsuite name="pytest" errors="0" failures="1" skipped="0" tests="12" time="4.751" timestamp="2026-06-05T01:14:44.903139+00:00" hostname="agent-env-bbbfac6e-641d-4abe-a1d0-3b4f3302856c"><testcase classname="backend.tests.test_iteration16_site_config_and_stock.TestSiteConfig" name="test_get_site_config_seeded" time="0.557" /><testcase classname="backend.tests.test_iteration16_site_config_and_stock.TestSiteConfig" name="test_patch_footer_admin_ok" time="0.239" /><testcase classname="backend.tests.test_iteration16_site_config_and_stock.TestSiteConfig" name="test_patch_footer_lower_role_forbidden" time="0.464"><failure message="AssertionError: expected 403 got 200 body={&quot;email_footer_html&quot;:&quot;&lt;p&gt;hacked&lt;/p&gt;&quot;,&quot;livret_media_id&quot;:null,&quot;livret_filename&quot;:null,&quot;livret_size&quot;:0,&quot;livret_enabled&quot;:false,&quot;updated_at&quot;:&quot;2026-06-05T01:14:46.219396+00:00&quot;,&quot;updated_by&quot;:&quot;hotesse.test@boulay.ci&quot;}&#10;assert 200 == 403&#10; +  where 200 = &lt;Response [200]&gt;.status_code">backend/tests/test_iteration16_site_config_and_stock.py:129: in test_patch_footer_lower_role_forbidden
    assert r.status_code == 403, f"expected 403 got {r.status_code} body={r.text}"
E   AssertionError: expected 403 got 200 body={"email_footer_html":"&lt;p&gt;hacked&lt;/p&gt;","livret_media_id":null,"livret_filename":null,"livret_size":0,"livret_enabled":false,"updated_at":"2026-06-05T01:14:46.219396+00:00","updated_by":"hotesse.test@boulay.ci"}
E   assert 200 == 403
E    +  where 200 = &lt;Response [200]&gt;.status_code</failure></testcase><testcase classname="backend.tests.test_iteration16_site_config_and_stock.TestSiteConfig" name="test_upload_livret_pdf_ok" time="0.134" /><testcase classname="backend.tests.test_iteration16_site_config_and_stock.TestSiteConfig" name="test_upload_livret_non_pdf_rejected" time="0.127" /><testcase classname="backend.tests.test_iteration16_site_config_and_stock.TestSiteConfig" name="test_upload_livret_oversize_rejected" time="0.977" /><testcase classname="backend.tests.test_iteration16_site_config_and_stock.TestSiteConfig" name="test_public_get_livret_after_upload" time="0.239" /><testcase classname="backend.tests.test_iteration16_site_config_and_stock.TestSiteConfig" name="test_delete_livret_then_404" time="0.241" /><testcase classname="backend.tests.test_iteration16_site_config_and_stock.TestSpecialEventMatchesAndStock" name="test_public_event_returns_matches_and_stock" time="0.108" /><testcase classname="backend.tests.test_iteration16_site_config_and_stock.TestSpecialEventMatchesAndStock" name="test_patch_event_accepts_matches_and_stock" time="0.335" /><testcase classname="backend.tests.test_iteration16_site_config_and_stock.TestBookingStockEnforcement" name="test_stock_pkg_bal_two_ok_then_third_409" time="0.559" /><testcase classname="backend.tests.test_iteration16_site_config_and_stock.TestBookingStockEnforcement" name="test_stock_zero_means_unlimited" time="0.667" /></testsuite></testsuites>