<?xml version="1.0" encoding="utf-8"?><testsuites name="pytest tests"><testsuite name="pytest" errors="0" failures="0" skipped="0" tests="9" time="17.383" timestamp="2026-06-22T00:58:10.319026+00:00" hostname="agent-env-bbbfac6e-641d-4abe-a1d0-3b4f3302856c"><testcase classname="backend.tests.test_iteration49_free_flow.TestFreeFlowPassDay" name="test_free_pass_day_autoconfirms" time="4.584" /><testcase classname="backend.tests.test_iteration49_free_flow.TestPaidFlowUnchanged" name="test_paid_pass_day_stays_pending" time="0.222" /><testcase classname="backend.tests.test_iteration49_free_flow.TestFreeFlowMultiOffer" name="test_free_flow_for_offer[sunset]" time="3.157" /><testcase classname="backend.tests.test_iteration49_free_flow.TestFreeFlowMultiOffer" name="test_free_flow_for_offer[brunch]" time="3.617" /><testcase classname="backend.tests.test_iteration49_free_flow.TestBoatTimeValidationStillApplies" name="test_invalid_boat_time_rejected[sunset-5H]" time="0.322" /><testcase classname="backend.tests.test_iteration49_free_flow.TestBoatTimeValidationStillApplies" name="test_invalid_boat_time_rejected[brunch-22H]" time="0.315" /><testcase classname="backend.tests.test_iteration49_free_flow.TestBoatTimeValidationStillApplies" name="test_invalid_boat_time_rejected[pass_day-11H]" time="0.300" /><testcase classname="backend.tests.test_iteration49_free_flow.TestFreeFlowIdempotency" name="test_replay_pay_on_free_booking_fails" time="3.143" /><testcase classname="backend.tests.test_iteration49_free_flow.TestCashPaidRegression" name="test_paid_pass_day_cash_payment" time="1.642" /></testsuite></testsuites>