<?xml version="1.0" encoding="utf-8"?><testsuites name="pytest tests"><testsuite name="pytest" errors="0" failures="0" skipped="0" tests="23" time="4.978" timestamp="2026-06-18T13:07:37.183437+00:00" hostname="agent-env-bbbfac6e-641d-4abe-a1d0-3b4f3302856c"><testcase classname="backend.tests.test_iteration33_phaseB_modules.TestCRM" name="test_segments_counts" time="0.657" /><testcase classname="backend.tests.test_iteration33_phaseB_modules.TestCRM" name="test_customers_list_all" time="0.140" /><testcase classname="backend.tests.test_iteration33_phaseB_modules.TestCRM" name="test_customers_list_vip_segment" time="0.353" /><testcase classname="backend.tests.test_iteration33_phaseB_modules.TestCRM" name="test_customers_search" time="0.107" /><testcase classname="backend.tests.test_iteration33_phaseB_modules.TestCRM" name="test_customer_detail_360" time="0.266" /><testcase classname="backend.tests.test_iteration33_phaseB_modules.TestCRM" name="test_customer_detail_404_unknown_email" time="0.107" /><testcase classname="backend.tests.test_iteration33_phaseB_modules.TestMemberships" name="test_public_plans" time="0.103" /><testcase classname="backend.tests.test_iteration33_phaseB_modules.TestMemberships" name="test_subscribe_emits_marketing_event" time="0.104" /><testcase classname="backend.tests.test_iteration33_phaseB_modules.TestMemberships" name="test_staff_list_memberships" time="0.106" /><testcase classname="backend.tests.test_iteration33_phaseB_modules.TestMemberships" name="test_workflow_subscribe_confirm_issue" time="0.426" /><testcase classname="backend.tests.test_iteration33_phaseB_modules.TestEventsPipeline" name="test_list_events" time="0.105" /><testcase classname="backend.tests.test_iteration33_phaseB_modules.TestEventsPipeline" name="test_workflow_patch_status" time="0.319" /><testcase classname="backend.tests.test_iteration33_phaseB_modules.TestEventsPipeline" name="test_decline_status_accepted" time="0.305" /><testcase classname="backend.tests.test_iteration33_phaseB_modules.TestUpsells" name="test_catalog_returns_offers" time="0.098" /><testcase classname="backend.tests.test_iteration33_phaseB_modules.TestUpsells" name="test_filter_by_category" time="0.100" /><testcase classname="backend.tests.test_iteration33_phaseB_modules.TestUpsells" name="test_add_selection_and_get" time="0.436" /><testcase classname="backend.tests.test_iteration33_phaseB_modules.TestUpsells" name="test_add_selection_unknown_booking_returns_404" time="0.195" /><testcase classname="backend.tests.test_iteration33_phaseB_modules.TestUpsells" name="test_staff_list_upsells" time="0.101" /><testcase classname="backend.tests.test_iteration33_phaseB_modules.TestUpsells" name="test_staff_crud" time="0.428" /><testcase classname="backend.tests.test_iteration33_phaseB_modules.TestUpsells" name="test_staff_stats" time="0.101" /><testcase classname="backend.tests.test_iteration33_phaseB_modules.TestRegressions" name="test_contact_messages_post" time="0.100" /><testcase classname="backend.tests.test_iteration33_phaseB_modules.TestRegressions" name="test_marketing_dashboard" time="0.111" /><testcase classname="backend.tests.test_iteration33_phaseB_modules.TestRegressions" name="test_contact_messages_list" time="0.108" /></testsuite></testsuites>