<?xml version="1.0" encoding="utf-8"?><testsuites name="pytest tests"><testsuite name="pytest" errors="0" failures="1" skipped="0" tests="11" time="3.048" timestamp="2026-06-03T17:07:19.067523+00:00" hostname="agent-env-bbbfac6e-641d-4abe-a1d0-3b4f3302856c"><testcase classname="backend.tests.test_iteration14_vip_spaces.TestVipSpacesAvailability" name="test_available_for_pass_day_returns_16" time="0.198" /><testcase classname="backend.tests.test_iteration14_vip_spaces.TestVipSpacesAvailability" name="test_available_for_hebergement_returns_empty" time="0.105" /><testcase classname="backend.tests.test_iteration14_vip_spaces.TestVipSpacesAvailability" name="test_available_for_sunset_returns_16" time="0.176" /><testcase classname="backend.tests.test_iteration14_vip_spaces.TestBookingWithVipSpaces" name="test_create_booking_pass_day_with_vip_spaces" time="0.432" /><testcase classname="backend.tests.test_iteration14_vip_spaces.TestBookingWithVipSpaces" name="test_double_book_returns_409" time="0.108" /><testcase classname="backend.tests.test_iteration14_vip_spaces.TestBookingWithVipSpaces" name="test_vip_spaces_rejected_for_hebergement" time="0.127" /><testcase classname="backend.tests.test_iteration14_vip_spaces.TestBookingWithVipSpaces" name="test_vip_spaces_rejected_for_le_kaai" time="0.114" /><testcase classname="backend.tests.test_iteration14_vip_spaces.TestBookingWithVipSpaces" name="test_invalid_vip_space_id_returns_400" time="0.147" /><testcase classname="backend.tests.test_iteration14_vip_spaces.TestStaffVipSpacesCrud" name="test_admin_list" time="0.476" /><testcase classname="backend.tests.test_iteration14_vip_spaces.TestStaffVipSpacesCrud" name="test_admin_create_patch_delete" time="0.729" /><testcase classname="backend.tests.test_iteration14_vip_spaces.TestStaffVipSpacesCrud" name="test_management_general_readonly" time="0.340"><failure message="AssertionError: SEED DATA BUG — direction.test account has role=serveur_caisse instead of 'management_general'. /app/memory/test_credentials.md is out of sync.&#10;assert 'serveur_caisse' == 'management_general'&#10;  &#10;  - management_general&#10;  + serveur_caisse">E   AssertionError: SEED DATA BUG — direction.test account has role=serveur_caisse instead of 'management_general'. /app/memory/test_credentials.md is out of sync.
    assert 'serveur_caisse' == 'management_general'
      
      - management_general
      + serveur_caisse</failure></testcase></testsuite></testsuites>