<?xml version="1.0" encoding="utf-8"?><testsuites name="pytest tests"><testsuite name="pytest" errors="0" failures="0" skipped="0" tests="14" time="5.048" timestamp="2026-06-08T19:36:50.512462+00:00" hostname="agent-env-bbbfac6e-641d-4abe-a1d0-3b4f3302856c"><testcase classname="backend.tests.test_iteration20_fleet_skippers.TestBoatFuel" name="test_create_boat_with_fuel" time="1.053" /><testcase classname="backend.tests.test_iteration20_fleet_skippers.TestBoatFuel" name="test_patch_boat_fuel" time="0.285" /><testcase classname="backend.tests.test_iteration20_fleet_skippers.TestBoatFuel" name="test_legacy_boats_default_zero" time="0.135" /><testcase classname="backend.tests.test_iteration20_fleet_skippers.TestSkipperCRUD" name="test_create_skipper" time="0.161" /><testcase classname="backend.tests.test_iteration20_fleet_skippers.TestSkipperCRUD" name="test_list_returns_items_shape" time="0.166" /><testcase classname="backend.tests.test_iteration20_fleet_skippers.TestSkipperCRUD" name="test_patch_skipper" time="0.312" /><testcase classname="backend.tests.test_iteration20_fleet_skippers.TestSkipperCRUD" name="test_duplicate_name_409" time="0.347" /><testcase classname="backend.tests.test_iteration20_fleet_skippers.TestSkipperCRUD" name="test_recent_endpoint_separate" time="0.189" /><testcase classname="backend.tests.test_iteration20_fleet_skippers.TestTraverseeSkipperAndEdit" name="test_create_traversee_with_skipper" time="0.568" /><testcase classname="backend.tests.test_iteration20_fleet_skippers.TestTraverseeSkipperAndEdit" name="test_skipper_not_found_404" time="0.118" /><testcase classname="backend.tests.test_iteration20_fleet_skippers.TestTraverseeSkipperAndEdit" name="test_patch_traversee_depart_and_skipper" time="0.357" /><testcase classname="backend.tests.test_iteration20_fleet_skippers.TestTraverseeSkipperAndEdit" name="test_delete_traversee_cascade" time="0.268" /><testcase classname="backend.tests.test_iteration20_fleet_skippers.TestStatsAdvancedFleet" name="test_fleet_block_present" time="0.141" /><testcase classname="backend.tests.test_iteration20_fleet_skippers.TestSkipperDelete" name="test_delete_skipper" time="0.859" /></testsuite></testsuites>