<?xml version="1.0" encoding="utf-8"?><testsuites name="pytest tests"><testsuite name="pytest" errors="0" failures="0" skipped="0" tests="13" time="31.768" timestamp="2026-05-11T19:53:25.550026+00:00" hostname="agent-env-bbbfac6e-641d-4abe-a1d0-3b4f3302856c"><testcase classname="backend.tests.test_iteration10_wallets" name="test_public_activities_lists_minimum_9_items" time="0.200" /><testcase classname="backend.tests.test_iteration10_wallets" name="test_pay_booking_creates_wallet_all_methods[card]" time="3.473" /><testcase classname="backend.tests.test_iteration10_wallets" name="test_pay_booking_creates_wallet_all_methods[fineo]" time="2.802" /><testcase classname="backend.tests.test_iteration10_wallets" name="test_pay_booking_creates_wallet_all_methods[mobile_money]" time="2.928" /><testcase classname="backend.tests.test_iteration10_wallets" name="test_pay_booking_creates_wallet_all_methods[cash]" time="1.561" /><testcase classname="backend.tests.test_iteration10_wallets" name="test_staff_wallet_lookup_full_and_prefix" time="3.430" /><testcase classname="backend.tests.test_iteration10_wallets" name="test_staff_wallet_lookup_404" time="0.126" /><testcase classname="backend.tests.test_iteration10_wallets" name="test_charge_jetski_quantity_2" time="3.055" /><testcase classname="backend.tests.test_iteration10_wallets" name="test_charge_invalid_activity_returns_404" time="2.948" /><testcase classname="backend.tests.test_iteration10_wallets" name="test_charge_empty_payload_returns_400" time="2.897" /><testcase classname="backend.tests.test_iteration10_wallets" name="test_void_charge_adjusts_total_and_idempotent" time="3.584" /><testcase classname="backend.tests.test_iteration10_wallets" name="test_reception_cannot_close_wallet" time="3.237" /><testcase classname="backend.tests.test_iteration10_wallets" name="test_activities_crud_admin_only" time="1.429" /></testsuite></testsuites>