<?xml version="1.0" encoding="utf-8"?><testsuites name="pytest tests"><testsuite name="pytest" errors="0" failures="0" skipped="0" tests="13" time="4.532" timestamp="2026-06-18T21:51:35.559125+00:00" hostname="agent-env-bbbfac6e-641d-4abe-a1d0-3b4f3302856c"><testcase classname="backend.tests.test_iteration47_ota.TestConfig" name="test_get_config_returns_defaults_and_no_password" time="0.669" /><testcase classname="backend.tests.test_iteration47_ota.TestConfig" name="test_put_config_does_not_overwrite_password_when_omitted" time="0.276" /><testcase classname="backend.tests.test_iteration47_ota.TestMappings" name="test_create_then_get_lists_it" time="0.304" /><testcase classname="backend.tests.test_iteration47_ota.TestMappings" name="test_duplicate_returns_409" time="0.095" /><testcase classname="backend.tests.test_iteration47_ota.TestMappings" name="test_patch_toggles_enabled" time="0.243" /><testcase classname="backend.tests.test_iteration47_ota.TestMappings" name="test_patch_then_delete" time="0.370" /><testcase classname="backend.tests.test_iteration47_ota.TestSync" name="test_availability_push_returns_log_id_no_crash" time="0.515" /><testcase classname="backend.tests.test_iteration47_ota.TestSync" name="test_room_rates_fetch_no_500" time="0.368" /><testcase classname="backend.tests.test_iteration47_ota.TestSync" name="test_sync_logs_filter" time="0.105" /><testcase classname="backend.tests.test_iteration47_ota.TestWebhook" name="test_webhook_rejects_without_wsse_when_auth_configured" time="0.745" /><testcase classname="backend.tests.test_iteration47_ota.TestWebhook" name="test_webhook_accepts_valid_wsse_and_persists" time="0.306" /><testcase classname="backend.tests.test_iteration47_ota.TestReservationsAndStatus" name="test_reservations_filter_booking_com" time="0.137" /><testcase classname="backend.tests.test_iteration47_ota.TestReservationsAndStatus" name="test_status_aggregates" time="0.309" /></testsuite></testsuites>