<?xml version="1.0" encoding="utf-8"?><testsuites name="pytest tests"><testsuite name="pytest" errors="0" failures="1" skipped="0" tests="49" time="39.593" timestamp="2026-06-15T16:51:56.509965+00:00" hostname="agent-env-bbbfac6e-641d-4abe-a1d0-3b4f3302856c"><testcase classname="backend.tests.test_iteration44_pending_relance.TestScannerRegression" name="test_scan_full_32hex_token" time="0.960" /><testcase classname="backend.tests.test_iteration44_pending_relance.TestScannerRegression" name="test_scan_uppercase_token" time="0.663" /><testcase classname="backend.tests.test_iteration44_pending_relance.TestScannerRegression" name="test_scan_json_url_encoded" time="0.692" /><testcase classname="backend.tests.test_iteration44_pending_relance.TestScannerRegression" name="test_scan_booking_id_prefix" time="0.583" /><testcase classname="backend.tests.test_iteration44_pending_relance.TestScannerRegression" name="test_scan_checkin_idempotent" time="0.624" /><testcase classname="backend.tests.test_iteration44_pending_relance.TestDashboard" name="test_dashboard_pending_relance_count_is_int" time="0.152" /><testcase classname="backend.tests.test_iteration44_pending_relance.TestDashboard" name="test_dashboard_pipeline_excludes_pending" time="0.159" /><testcase classname="backend.tests.test_iteration44_pending_relance.TestBookingsListFiltering" name="test_default_excludes_pending" time="0.912" /><testcase classname="backend.tests.test_iteration44_pending_relance.TestBookingsListFiltering" name="test_include_pending_surfaces_pending" time="1.025" /><testcase classname="backend.tests.test_iteration44_pending_relance.TestBookingsListFiltering" name="test_status_pending_filter" time="0.116" /><testcase classname="backend.tests.test_iteration44_pending_relance.TestPendingEndpoint" name="test_pending_endpoint_shape" time="0.111" /><testcase classname="backend.tests.test_iteration44_pending_relance.TestPendingEndpoint" name="test_pending_endpoint_days_filter" time="0.260" /><testcase classname="backend.tests.test_iteration44_pending_relance.TestPendingEndpoint" name="test_pending_endpoint_search" time="0.225" /><testcase classname="backend.tests.test_iteration44_pending_relance.TestPendingEndpoint" name="test_pending_hotesse_forbidden" time="0.468"><failure message="AssertionError: hotesse expected 403 got 200&#10;assert 200 == 403&#10; +  where 200 = &lt;Response [200]&gt;.status_code">backend/tests/test_iteration44_pending_relance.py:272: in test_pending_hotesse_forbidden
    assert r.status_code == 403, f"hotesse expected 403 got {r.status_code}"
E   AssertionError: hotesse expected 403 got 200
E   assert 200 == 403
E    +  where 200 = &lt;Response [200]&gt;.status_code</failure></testcase><testcase classname="backend.tests.test_iteration44_pending_relance.TestResendPaymentLink" name="test_resend_happy_path_and_cumulative_log" time="0.860" /><testcase classname="backend.tests.test_iteration44_pending_relance.TestResendPaymentLink" name="test_resend_on_confirmed_returns_400" time="0.252" /><testcase classname="backend.tests.test_iteration44_pending_relance.TestResendPaymentLink" name="test_resend_unknown_booking_404" time="0.096" /><testcase classname="backend.tests.test_iteration42_cantine" name="test_public_services_returns_10_seeded" time="0.111" /><testcase classname="backend.tests.test_iteration42_cantine" name="test_public_create_personnel_user_returns_code_and_22_credits" time="0.121" /><testcase classname="backend.tests.test_iteration42_cantine" name="test_public_create_prestataire_user_has_0_credits" time="0.103" /><testcase classname="backend.tests.test_iteration42_cantine" name="test_public_create_user_duplicate_returns_409" time="0.222" /><testcase classname="backend.tests.test_iteration42_cantine" name="test_public_create_user_unknown_service_returns_400" time="0.100" /><testcase classname="backend.tests.test_iteration42_cantine" name="test_public_lookup_user_case_insensitive" time="0.198" /><testcase classname="backend.tests.test_iteration42_cantine" name="test_public_lookup_unknown_returns_404" time="0.117" /><testcase classname="backend.tests.test_iteration42_cantine" name="test_public_reservation_creates_for_tomorrow_and_decrements_credit" time="0.220" /><testcase classname="backend.tests.test_iteration42_cantine" name="test_public_reservation_not_confirmed_returns_400" time="0.215" /><testcase classname="backend.tests.test_iteration42_cantine" name="test_public_reservation_idempotence_409" time="0.300" /><testcase classname="backend.tests.test_iteration42_cantine" name="test_public_reservation_prestataire_no_credits_400" time="0.214" /><testcase classname="backend.tests.test_iteration42_cantine" name="test_staff_dashboard_admin" time="0.439" /><testcase classname="backend.tests.test_iteration42_cantine" name="test_staff_reservations_tomorrow" time="0.106" /><testcase classname="backend.tests.test_iteration42_cantine" name="test_pointage_not_reserved_returns_422" time="0.237" /><testcase classname="backend.tests.test_iteration42_cantine" name="test_pointage_supervisor_override_creates_consumed" time="0.305" /><testcase classname="backend.tests.test_iteration42_cantine" name="test_export_xlsx" time="0.128" /><testcase classname="backend.tests.test_iteration42_cantine" name="test_export_pdf" time="0.106" /><testcase classname="backend.tests.test_iteration42_cantine" name="test_settings_get_and_put" time="0.310" /><testcase classname="backend.tests.test_iteration42_cantine" name="test_services_create_and_dup" time="0.347" /><testcase classname="backend.tests.test_iteration42_cantine" name="test_staff_users_list" time="0.101" /><testcase classname="backend.tests.test_iteration42_cantine" name="test_hotesse_forbidden_on_dashboard" time="0.442" /><testcase classname="backend.tests.test_iteration42_cantine" name="test_hotesse_can_pointage" time="0.210" /><testcase classname="backend.tests.test_iteration42_cantine" name="test_scheduler_jobs_direct" time="0.496" /><testcase classname="backend.tests.test_iteration43_personnel_crud" name="test_users_filter_composable" time="0.754" /><testcase classname="backend.tests.test_iteration43_personnel_crud" name="test_get_single_user_ok_and_404" time="0.439" /><testcase classname="backend.tests.test_iteration43_personnel_crud" name="test_patch_partial_keeps_other_fields" time="0.447" /><testcase classname="backend.tests.test_iteration43_personnel_crud" name="test_patch_unknown_service_400" time="0.325" /><testcase classname="backend.tests.test_iteration43_personnel_crud" name="test_regenerate_code" time="0.533" /><testcase classname="backend.tests.test_iteration43_personnel_crud" name="test_deactivate_blocks_public_reserve" time="0.434" /><testcase classname="backend.tests.test_iteration43_personnel_crud" name="test_activate_restores" time="0.632" /><testcase classname="backend.tests.test_iteration43_personnel_crud" name="test_delete_preserves_reservations" time="20.300" /><testcase classname="backend.tests.test_iteration43_personnel_crud" name="test_hotesse_forbidden_on_crud" time="2.289" /></testsuite></testsuites>