<?xml version="1.0" encoding="utf-8"?><testsuites name="pytest tests"><testsuite name="pytest" errors="0" failures="0" skipped="0" tests="6" time="19.924" timestamp="2026-06-06T19:45:01.299521+00:00" hostname="agent-env-bbbfac6e-641d-4abe-a1d0-3b4f3302856c"><testcase classname="backend.tests.test_iteration17_booker_only.TestBookerOnlyFlow" name="test_pass_day_5_adults_2_children_single_booker_succeeds" time="10.073" /><testcase classname="backend.tests.test_iteration17_booker_only.TestBookerOnlyFlow" name="test_pass_day_3_adults_only_single_booker" time="5.812" /><testcase classname="backend.tests.test_iteration17_booker_only.TestBookerValidation" name="test_child_only_booker_rejected" time="0.047" /><testcase classname="backend.tests.test_iteration17_booker_only.TestBookerValidation" name="test_empty_participants_rejected" time="0.044" /><testcase classname="backend.tests.test_iteration17_booker_only.TestLegacyParticipantsShape" name="test_legacy_3_adults_3_participants" time="0.047" /><testcase classname="backend.tests.test_iteration17_booker_only.TestLegacyParticipantsShape" name="test_legacy_mixed_2_adults_1_child" time="3.822" /></testsuite></testsuites>