<?xml version="1.0" encoding="utf-8"?><testsuites name="pytest tests"><testsuite name="pytest" errors="0" failures="1" skipped="0" tests="11" time="4.748" timestamp="2026-06-08T19:06:33.489510+00:00" hostname="agent-env-bbbfac6e-641d-4abe-a1d0-3b4f3302856c"><testcase classname="backend.tests.test_iteration19_passport_and_notifs.TestNotifications" name="test_endpoint_requires_auth" time="0.243" /><testcase classname="backend.tests.test_iteration19_passport_and_notifs.TestNotifications" name="test_endpoint_returns_required_fields" time="0.504" /><testcase classname="backend.tests.test_iteration19_passport_and_notifs.TestNotifications" name="test_since_cursor_filters" time="0.260" /><testcase classname="backend.tests.test_iteration19_passport_and_notifs.TestPassportTicket" name="test_passport_single_qr_per_adult_with_valid_dates" time="1.440" /><testcase classname="backend.tests.test_iteration19_passport_and_notifs.TestPassportScanner" name="test_scan_rejects_when_today_not_in_valid_dates" time="0.120" /><testcase classname="backend.tests.test_iteration19_passport_and_notifs.TestPassportScanner" name="test_scan_two_then_reject_third_on_valid_date" time="1.487" /><testcase classname="backend.tests.test_iteration19_passport_and_notifs.TestEmailContent" name="test_email_service_module_does_not_contain_embarquement_11h" time="0.000" /><testcase classname="backend.tests.test_iteration19_passport_and_notifs.TestEmailContent" name="test_site_config_default_footer_clean" time="0.132" /><testcase classname="backend.tests.test_iteration19_passport_and_notifs.TestPublicCatalogRegression" name="test_offers_endpoint_ok" time="0.108" /><testcase classname="backend.tests.test_iteration19_passport_and_notifs.TestPublicCatalogRegression" name="test_poles_endpoint_ok" time="0.220" /><testcase classname="backend.tests.test_iteration19_passport_and_notifs.TestStaffSpecialEventBooking" name="test_staff_create_special_event_booking" time="0.121"><failure message="AssertionError: staff special-event booking failed: 400 {&quot;detail&quot;:&quot;special_event_id is required for special_event bookings&quot;}&#10;assert 400 in (200, 201)&#10; +  where 400 = &lt;Response [400]&gt;.status_code">backend/tests/test_iteration19_passport_and_notifs.py:406: in test_staff_create_special_event_booking
    assert r.status_code in (200, 201), (
E   AssertionError: staff special-event booking failed: 400 {"detail":"special_event_id is required for special_event bookings"}
E   assert 400 in (200, 201)
E    +  where 400 = &lt;Response [400]&gt;.status_code</failure></testcase></testsuite></testsuites>