<?xml version="1.0" encoding="utf-8"?><testsuites name="pytest tests"><testsuite name="pytest" errors="0" failures="0" skipped="0" tests="20" time="24.838" timestamp="2026-05-12T15:44:04.373616+00:00" hostname="agent-env-bbbfac6e-641d-4abe-a1d0-3b4f3302856c"><testcase classname="backend.tests.test_iteration11_staff_bookings.TestHebergementStats" name="test_stats_receptionist_forbidden" time="0.643" /><testcase classname="backend.tests.test_iteration11_staff_bookings.TestHebergementStats" name="test_stats_unauth" time="0.137" /><testcase classname="backend.tests.test_iteration11_staff_bookings.TestHebergementStats" name="test_stats_manager_each_period[day]" time="0.487" /><testcase classname="backend.tests.test_iteration11_staff_bookings.TestHebergementStats" name="test_stats_manager_each_period[week]" time="0.134" /><testcase classname="backend.tests.test_iteration11_staff_bookings.TestHebergementStats" name="test_stats_manager_each_period[month]" time="0.136" /><testcase classname="backend.tests.test_iteration11_staff_bookings.TestHebergementStats" name="test_stats_manager_each_period[year]" time="0.172" /><testcase classname="backend.tests.test_iteration11_staff_bookings.TestHebergementStats" name="test_stats_manager_each_period[all]" time="3.551" /><testcase classname="backend.tests.test_iteration11_staff_bookings.TestHebergementStats" name="test_stats_invalid_period_falls_back" time="3.728" /><testcase classname="backend.tests.test_iteration11_staff_bookings.TestHebergementPDF" name="test_pdf_receptionist_forbidden" time="0.113" /><testcase classname="backend.tests.test_iteration11_staff_bookings.TestHebergementPDF" name="test_pdf_manager_ok" time="0.247" /><testcase classname="backend.tests.test_iteration11_staff_bookings.TestStaffCreateBooking" name="test_receptionist_forbidden" time="0.136" /><testcase classname="backend.tests.test_iteration11_staff_bookings.TestStaffCreateBooking" name="test_unauth_rejected" time="0.114" /><testcase classname="backend.tests.test_iteration11_staff_bookings.TestStaffCreateBooking" name="test_manager_creates_passday_cash" time="3.578" /><testcase classname="backend.tests.test_iteration11_staff_bookings.TestStaffCreateBooking" name="test_manager_creates_hebergement_deposit_30" time="4.132" /><testcase classname="backend.tests.test_iteration11_staff_bookings.TestPublicRegression" name="test_public_passday_full_flow" time="2.828" /><testcase classname="backend.tests.test_iteration11_staff_bookings.TestPublicRegression" name="test_public_hebergement_deposit_30" time="4.092" /><testcase classname="backend.tests.test_iteration11_staff_bookings.TestExistingStaffEndpoints" name="test_hebergement_today" time="0.105" /><testcase classname="backend.tests.test_iteration11_staff_bookings.TestExistingStaffEndpoints" name="test_hebergement_calendar" time="0.133" /><testcase classname="backend.tests.test_iteration11_staff_bookings.TestExistingStaffEndpoints" name="test_revenue" time="0.118" /><testcase classname="backend.tests.test_iteration11_staff_bookings.TestExistingStaffEndpoints" name="test_clients" time="0.148" /></testsuite></testsuites>