<?xml version="1.0" encoding="utf-8"?><testsuites name="pytest tests"><testsuite name="pytest" errors="0" failures="0" skipped="1" tests="24" time="15.741" timestamp="2026-06-11T22:39:57.470610+00:00" hostname="agent-env-bbbfac6e-641d-4abe-a1d0-3b4f3302856c"><testcase classname="backend.tests.test_iteration27_deep_sweep.TestRegressionFixes" name="test_apscheduler_no_coroutine_warning_in_recent_window" time="0.012" /><testcase classname="backend.tests.test_iteration27_deep_sweep.TestRegressionFixes" name="test_i18n_paynow_no_duplicate_key" time="0.000" /><testcase classname="backend.tests.test_iteration27_deep_sweep.TestRegressionFixes" name="test_run_j_minus_1_endpoint_works" time="0.518" /><testcase classname="backend.tests.test_iteration27_deep_sweep.TestBookingTunnelCash" name="test_booking_created" time="0.107" /><testcase classname="backend.tests.test_iteration27_deep_sweep.TestBookingTunnelCash" name="test_pay_cash_marks_pending" time="3.018" /><testcase classname="backend.tests.test_iteration27_deep_sweep.TestBookingTunnelCash" name="test_confirm_cash_payment" time="3.346" /><testcase classname="backend.tests.test_iteration27_deep_sweep.TestBookingTunnelCash" name="test_reconfirm_idempotent_400" time="0.119" /><testcase classname="backend.tests.test_iteration27_deep_sweep.TestBookingTunnelCash" name="test_scan_token_returns_booking" time="0.106" /><testcase classname="backend.tests.test_iteration27_deep_sweep.TestBookingTunnelCash" name="test_checkin_aller" time="0.103" /><testcase classname="backend.tests.test_iteration27_deep_sweep.TestHebergementDeposit" name="test_hebergement_booking_with_deposit_30" time="2.445" /><testcase classname="backend.tests.test_iteration27_deep_sweep.TestSpecialEventBooking" name="test_special_event_book" time="0.206"><skipped type="pytest.skip" message="no published special event in DB">/app/backend/tests/test_iteration27_deep_sweep.py:262: no published special event in DB</skipped></testcase><testcase classname="backend.tests.test_iteration27_deep_sweep.TestWallet" name="test_wallet_lookup_with_dashes" time="0.538" /><testcase classname="backend.tests.test_iteration27_deep_sweep.TestWallet" name="test_wallet_lookup_without_dashes" time="0.101" /><testcase classname="backend.tests.test_iteration27_deep_sweep.TestWallet" name="test_wallet_close_missing_body_422" time="0.113" /><testcase classname="backend.tests.test_iteration27_deep_sweep.TestWallet" name="test_wallet_close_invalid_method_422" time="0.097" /><testcase classname="backend.tests.test_iteration27_deep_sweep.TestRBAC" name="test_management_general_readonly" time="0.558" /><testcase classname="backend.tests.test_iteration27_deep_sweep.TestRBAC" name="test_manager_pole_token_has_pole_id" time="0.328" /><testcase classname="backend.tests.test_iteration27_deep_sweep.TestRBAC" name="test_hotesse_dashboard_access" time="0.503" /><testcase classname="backend.tests.test_iteration27_deep_sweep.TestExports" name="test_clients_pdf" time="0.153" /><testcase classname="backend.tests.test_iteration27_deep_sweep.TestExports" name="test_revenue_pdf" time="0.111" /><testcase classname="backend.tests.test_iteration27_deep_sweep.TestExports" name="test_traversees_history_pdf" time="0.108" /><testcase classname="backend.tests.test_iteration27_deep_sweep.TestExports" name="test_traversees_history_xlsx" time="0.272" /><testcase classname="backend.tests.test_iteration27_deep_sweep.TestFineoPay" name="test_fineo_checkout_no_500" time="0.796" /><testcase classname="backend.tests.test_iteration27_deep_sweep.TestBruteForce" name="test_login_rate_limit_probe" time="1.986" /></testsuite></testsuites>