<?xml version="1.0" encoding="utf-8"?><testsuites name="pytest tests"><testsuite name="pytest" errors="0" failures="0" skipped="0" tests="28" time="20.622" timestamp="2026-05-13T15:56:03.445506+00:00" hostname="agent-env-bbbfac6e-641d-4abe-a1d0-3b4f3302856c"><testcase classname="backend.tests.test_iteration12_special_events.TestPublicSpecialEvents" name="test_get_seeded_event_public" time="0.197" /><testcase classname="backend.tests.test_iteration12_special_events.TestPublicSpecialEvents" name="test_get_event_not_found" time="0.107" /><testcase classname="backend.tests.test_iteration12_special_events.TestPublicSpecialEvents" name="test_get_event_unpublished_returns_400" time="1.092" /><testcase classname="backend.tests.test_iteration12_special_events.TestPublicSpecialEvents" name="test_featured_endpoint_no_auth_required" time="0.147" /><testcase classname="backend.tests.test_iteration12_special_events.TestStaffSpecialEventsRBAC" name="test_receptionist_cannot_create" time="0.464" /><testcase classname="backend.tests.test_iteration12_special_events.TestStaffSpecialEventsRBAC" name="test_unauth_cannot_create" time="0.131" /><testcase classname="backend.tests.test_iteration12_special_events.TestStaffSpecialEventsRBAC" name="test_manager_can_list" time="0.129" /><testcase classname="backend.tests.test_iteration12_special_events.TestStaffSpecialEventsRBAC" name="test_receptionist_cannot_delete" time="0.862" /><testcase classname="backend.tests.test_iteration12_special_events.TestStaffSpecialEventsRBAC" name="test_manager_cannot_delete" time="0.678" /><testcase classname="backend.tests.test_iteration12_special_events.TestStaffSpecialEventsCRUD" name="test_create_defaults" time="1.056" /><testcase classname="backend.tests.test_iteration12_special_events.TestStaffSpecialEventsCRUD" name="test_patch_updates_fields_and_updated_at" time="0.714" /><testcase classname="backend.tests.test_iteration12_special_events.TestStaffSpecialEventsCRUD" name="test_feature_unsets_others" time="1.387" /><testcase classname="backend.tests.test_iteration12_special_events.TestStaffSpecialEventsCRUD" name="test_duplicate_creates_clone" time="1.177" /><testcase classname="backend.tests.test_iteration12_special_events.TestStaffSpecialEventsCRUD" name="test_delete_blocked_with_active_booking" time="0.468" /><testcase classname="backend.tests.test_iteration12_special_events.TestStaffSpecialEventsCRUD" name="test_admin_can_delete_empty_event" time="0.244" /><testcase classname="backend.tests.test_iteration12_special_events.TestSpecialEventBooking" name="test_missing_special_event_id_returns_400" time="0.106" /><testcase classname="backend.tests.test_iteration12_special_events.TestSpecialEventBooking" name="test_date_outside_event_dates" time="0.706" /><testcase classname="backend.tests.test_iteration12_special_events.TestSpecialEventBooking" name="test_boat_time_outside_boat_times" time="0.761" /><testcase classname="backend.tests.test_iteration12_special_events.TestSpecialEventBooking" name="test_unpublished_event_cannot_be_booked" time="0.722" /><testcase classname="backend.tests.test_iteration12_special_events.TestSpecialEventBooking" name="test_create_book_pay_special_event" time="2.085" /><testcase classname="backend.tests.test_iteration12_special_events.TestSpecialEventBooking" name="test_capacity_enforced_per_date" time="0.899" /><testcase classname="backend.tests.test_iteration12_special_events.TestRegression" name="test_offers_endpoint_returns_5_static_offers" time="0.122" /><testcase classname="backend.tests.test_iteration12_special_events.TestRegression" name="test_classic_pass_day_booking_still_works" time="1.844" /><testcase classname="backend.tests.test_iteration12_special_events.TestRegression" name="test_classic_sunset_saturday_booking" time="0.140" /><testcase classname="backend.tests.test_iteration12_special_events.TestRegression" name="test_classic_brunch_sunday_booking" time="0.115" /><testcase classname="backend.tests.test_iteration12_special_events.TestRegression" name="test_classic_le_kaai_booking" time="0.124" /><testcase classname="backend.tests.test_iteration12_special_events.TestRegression" name="test_classic_hebergement_overnight_booking_with_deposit" time="2.099" /><testcase classname="backend.tests.test_iteration12_special_events.TestRegression" name="test_scanner_checkin_supports_skipper_name" time="1.971" /></testsuite></testsuites>