<?xml version="1.0" encoding="utf-8"?><testsuites name="pytest tests"><testsuite name="pytest" errors="0" failures="0" skipped="0" tests="9" time="6.661" timestamp="2026-06-15T13:06:50.955912+00:00" hostname="agent-env-bbbfac6e-641d-4abe-a1d0-3b4f3302856c"><testcase classname="backend.tests.test_iteration43_personnel_crud" name="test_users_filter_composable" time="0.913" /><testcase classname="backend.tests.test_iteration43_personnel_crud" name="test_get_single_user_ok_and_404" time="0.486" /><testcase classname="backend.tests.test_iteration43_personnel_crud" name="test_patch_partial_keeps_other_fields" time="0.436" /><testcase classname="backend.tests.test_iteration43_personnel_crud" name="test_patch_unknown_service_400" time="0.345" /><testcase classname="backend.tests.test_iteration43_personnel_crud" name="test_regenerate_code" time="0.567" /><testcase classname="backend.tests.test_iteration43_personnel_crud" name="test_deactivate_blocks_public_reserve" time="0.460" /><testcase classname="backend.tests.test_iteration43_personnel_crud" name="test_activate_restores" time="0.537" /><testcase classname="backend.tests.test_iteration43_personnel_crud" name="test_delete_preserves_reservations" time="0.725" /><testcase classname="backend.tests.test_iteration43_personnel_crud" name="test_hotesse_forbidden_on_crud" time="2.105" /></testsuite></testsuites>