<?xml version="1.0" encoding="utf-8"?><testsuites name="pytest tests"><testsuite name="pytest" errors="0" failures="0" skipped="0" tests="11" time="3.576" timestamp="2026-06-18T20:57:09.496487+00:00" hostname="agent-env-bbbfac6e-641d-4abe-a1d0-3b4f3302856c"><testcase classname="backend.tests.test_iteration46_revenue.TestAcquisitionEngine" name="test_acquisition_returns_min_15" time="0.673" /><testcase classname="backend.tests.test_iteration46_revenue.TestCampaignAudience" name="test_create_with_audience_then_patch" time="0.389" /><testcase classname="backend.tests.test_iteration46_revenue.TestRatePlansCRUD" name="test_create_promo_requires_code" time="0.136" /><testcase classname="backend.tests.test_iteration46_revenue.TestRatePlansCRUD" name="test_invalid_type" time="0.133" /><testcase classname="backend.tests.test_iteration46_revenue.TestRatePlansCRUD" name="test_invalid_adjustment_kind" time="0.107" /><testcase classname="backend.tests.test_iteration46_revenue.TestRatePlansCRUD" name="test_create_seasonal_then_filter" time="0.251" /><testcase classname="backend.tests.test_iteration46_revenue.TestRatePlansCRUD" name="test_patch_then_delete" time="0.565" /><testcase classname="backend.tests.test_iteration46_revenue.TestPublicQuote" name="test_weekend_surcharge" time="0.468" /><testcase classname="backend.tests.test_iteration46_revenue.TestPublicQuote" name="test_weekday_no_plan" time="0.114" /><testcase classname="backend.tests.test_iteration46_revenue.TestPublicQuote" name="test_promo_on_weekday" time="0.119" /><testcase classname="backend.tests.test_iteration46_revenue.TestPublicQuote" name="test_promo_beats_weekend" time="0.539" /></testsuite></testsuites>