<?xml version="1.0" encoding="utf-8"?><testsuites name="pytest tests"><testsuite name="pytest" errors="0" failures="0" skipped="0" tests="8" time="3.580" timestamp="2026-05-11T13:51:17.115020+00:00" hostname="agent-env-bbbfac6e-641d-4abe-a1d0-3b4f3302856c"><testcase classname="backend.tests.test_iteration6_overbooking_stats.TestOverbookingGuard" name="test_offer_has_correct_inventory_defaults" time="0.212" /><testcase classname="backend.tests.test_iteration6_overbooking_stats.TestOverbookingGuard" name="test_overbooking_simple_blocks" time="0.265" /><testcase classname="backend.tests.test_iteration6_overbooking_stats.TestOverbookingGuard" name="test_overlapping_nights_sum" time="0.261" /><testcase classname="backend.tests.test_iteration6_overbooking_stats.TestOverbookingGuard" name="test_cancelled_bookings_ignored" time="0.715" /><testcase classname="backend.tests.test_iteration6_overbooking_stats.TestCalendarOverbookingFlags" name="test_calendar_returns_inventory_fields" time="0.132" /><testcase classname="backend.tests.test_iteration6_overbooking_stats.TestAdvancedStats" name="test_reception_forbidden" time="0.461" /><testcase classname="backend.tests.test_iteration6_overbooking_stats.TestAdvancedStats" name="test_manager_can_read" time="0.507" /><testcase classname="backend.tests.test_iteration6_overbooking_stats.TestInventoryPatchPersistence" name="test_patch_offers_inventory_persists" time="0.934" /></testsuite></testsuites>