<?xml version="1.0" encoding="utf-8"?><testsuites name="pytest tests"><testsuite name="pytest" errors="0" failures="0" skipped="0" tests="9" time="12.566" timestamp="2026-06-14T20:44:06.574671+00:00" hostname="agent-env-bbbfac6e-641d-4abe-a1d0-3b4f3302856c"><testcase classname="backend.tests.test_iteration29_scanner_fix" name="test_admin_login_returns_token" time="0.446" /><testcase classname="backend.tests.test_iteration29_scanner_fix" name="test_scan_hex32_token" time="6.795" /><testcase classname="backend.tests.test_iteration29_scanner_fix" name="test_scan_raw_json_payload" time="0.125" /><testcase classname="backend.tests.test_iteration29_scanner_fix" name="test_scan_ref_10_upper" time="0.111" /><testcase classname="backend.tests.test_iteration29_scanner_fix" name="test_scan_booking_ref_short_8" time="0.213" /><testcase classname="backend.tests.test_iteration29_scanner_fix" name="test_ticket_qr_decodes_and_is_large" time="0.235" /><testcase classname="backend.tests.test_iteration29_scanner_fix" name="test_immediate_scan_after_ticket_render" time="0.107" /><testcase classname="backend.tests.test_iteration29_scanner_fix" name="test_full_checkin_flow" time="4.398" /><testcase classname="backend.tests.test_iteration29_scanner_fix" name="test_no_backend_exceptions_during_run" time="0.026" /></testsuite></testsuites>