<?xml version="1.0" encoding="utf-8"?><testsuites name="pytest tests"><testsuite name="pytest" errors="0" failures="1" skipped="0" tests="10" time="2.791" timestamp="2026-06-07T12:03:15.676945+00:00" hostname="agent-env-bbbfac6e-641d-4abe-a1d0-3b4f3302856c"><testcase classname="backend.tests.test_iteration18_traversee_and_room_addon.TestTraverseeManualScheduling" name="test_aller_with_return_time_creates_two_docs_normalized" time="0.842" /><testcase classname="backend.tests.test_iteration18_traversee_and_room_addon.TestTraverseeManualScheduling" name="test_aller_without_return_time_creates_single_doc" time="0.236" /><testcase classname="backend.tests.test_iteration18_traversee_and_room_addon.TestTraverseeManualScheduling" name="test_empty_depart_time_returns_400" time="0.103" /><testcase classname="backend.tests.test_iteration18_traversee_and_room_addon.TestTraverseeManualScheduling" name="test_hotesse_role_forbidden_403" time="0.491"><failure message="AssertionError: hotesse should not be allowed to create a traversee, got 200 {&quot;id&quot;:&quot;98557e2e-58a4-4aa6-a4c8-4e29c4748824&quot;,&quot;bateau_id&quot;:&quot;44b44a64-8f6f-4a11-8c24-ad8c74272e03&quot;,&quot;date&quot;:&quot;2026-06-25&quot;,&quot;depart_time&quot;:&quot;10H&quot;,&quot;direction&quot;:&quot;aller&quot;,&quot;status&quot;:&quot;programmé&quot;,&quot;created_at&quot;:&quot;2026-06-07T12:03:17.410766+00:00&quot;}&#10;assert 200 == 403&#10; +  where 200 = &lt;Response [200]&gt;.status_code">backend/tests/test_iteration18_traversee_and_room_addon.py:235: in test_hotesse_role_forbidden_403
    assert r.status_code == 403, (
E   AssertionError: hotesse should not be allowed to create a traversee, got 200 {"id":"98557e2e-58a4-4aa6-a4c8-4e29c4748824","bateau_id":"44b44a64-8f6f-4a11-8c24-ad8c74272e03","date":"2026-06-25","depart_time":"10H","direction":"aller","status":"programmé","created_at":"2026-06-07T12:03:17.410766+00:00"}
E   assert 200 == 403
E    +  where 200 = &lt;Response [200]&gt;.status_code</failure></testcase><testcase classname="backend.tests.test_iteration18_traversee_and_room_addon.TestRoomAddon" name="test_suite_lagune_2_rooms_1_night_pricing" time="0.109" /><testcase classname="backend.tests.test_iteration18_traversee_and_room_addon.TestRoomAddon" name="test_invalid_tier_returns_400" time="0.101" /><testcase classname="backend.tests.test_iteration18_traversee_and_room_addon.TestRoomAddon" name="test_checkout_before_checkin_returns_400" time="0.104" /><testcase classname="backend.tests.test_iteration18_traversee_and_room_addon.TestRoomAddon" name="test_default_dates_when_omitted" time="0.141" /><testcase classname="backend.tests.test_iteration18_traversee_and_room_addon.TestRoomAddon" name="test_three_nights_custom_pricing" time="0.103" /><testcase classname="backend.tests.test_iteration18_traversee_and_room_addon.TestRoomAddon" name="test_pass_day_no_addon_baseline_100k" time="0.457" /></testsuite></testsuites>