<?xml version="1.0" encoding="utf-8"?><testsuites name="pytest tests"><testsuite name="pytest" errors="0" failures="0" skipped="0" tests="5" time="0.624" timestamp="2026-06-03T18:48:31.541310+00:00" hostname="agent-env-bbbfac6e-641d-4abe-a1d0-3b4f3302856c"><testcase classname="backend.tests.test_iteration15_event_packages" name="test_two_packages_flat_total" time="0.294" /><testcase classname="backend.tests.test_iteration15_event_packages" name="test_package_max_persons_exceeded" time="0.079" /><testcase classname="backend.tests.test_iteration15_event_packages" name="test_package_unknown_id" time="0.054" /><testcase classname="backend.tests.test_iteration15_event_packages" name="test_special_event_without_packages_uses_classical_pricing" time="0.051" /><testcase classname="backend.tests.test_iteration15_event_packages" name="test_mixed_participants_accepted" time="0.083" /></testsuite></testsuites>