<?xml version="1.0" encoding="utf-8"?><testsuites name="pytest tests"><testsuite name="pytest" errors="0" failures="0" skipped="0" tests="9" time="3.835" timestamp="2026-06-18T22:25:23.877267+00:00" hostname="agent-env-bbbfac6e-641d-4abe-a1d0-3b4f3302856c"><testcase classname="backend.tests.test_iteration48_vague4.TestBlocARevenuePromo" name="test_promo_sunny10_weekday" time="0.194" /><testcase classname="backend.tests.test_iteration48_vague4.TestBlocARevenuePromo" name="test_weekend_surcharge_via_quote" time="0.404" /><testcase classname="backend.tests.test_iteration48_vague4.TestBlocARevenuePromo" name="test_invalid_promo_does_not_break" time="0.118" /><testcase classname="backend.tests.test_iteration48_vague4.TestBlocARevenuePromo" name="test_revenue_quote_regression" time="0.049" /><testcase classname="backend.tests.test_iteration48_vague4.TestBlocBAutoSync" name="test_config_persists_auto_sync_fields" time="0.127" /><testcase classname="backend.tests.test_iteration48_vague4.TestBlocBAutoSync" name="test_config_can_toggle_off" time="0.106" /><testcase classname="backend.tests.test_iteration48_vague4.TestBlocBAutoSync" name="test_booking_trigger_logs_when_enabled" time="0.835" /><testcase classname="backend.tests.test_iteration48_vague4.TestBlocBAutoSync" name="test_manual_availability_push_with_fake_mapping_is_graceful" time="0.050" /><testcase classname="backend.tests.test_iteration48_vague4.TestBlocCPinasseQR" name="test_le_kaai_generates_pinasse_qr" time="1.887" /></testsuite></testsuites>