<?xml version="1.0" encoding="utf-8"?><testsuites name="pytest tests"><testsuite name="pytest" errors="0" failures="0" skipped="0" tests="14" time="1.027" timestamp="2026-05-11T19:04:51.292089+00:00" hostname="agent-env-bbbfac6e-641d-4abe-a1d0-3b4f3302856c"><testcase classname="backend.tests.test_iteration8_pdf_exports.TestClientsPdf" name="test_unauthenticated_returns_401" time="0.005" /><testcase classname="backend.tests.test_iteration8_pdf_exports.TestClientsPdf" name="test_reception_forbidden" time="0.231" /><testcase classname="backend.tests.test_iteration8_pdf_exports.TestClientsPdf" name="test_manager_ok_pdf" time="0.311" /><testcase classname="backend.tests.test_iteration8_pdf_exports.TestClientsPdf" name="test_admin_ok_pdf" time="0.253" /><testcase classname="backend.tests.test_iteration8_pdf_exports.TestClientsPdf" name="test_with_search_filter" time="0.012" /><testcase classname="backend.tests.test_iteration8_pdf_exports.TestClientsPdf" name="test_route_ordering_not_intercepted_by_email_route" time="0.029" /><testcase classname="backend.tests.test_iteration8_pdf_exports.TestRevenuePdf" name="test_unauthenticated_returns_401" time="0.003" /><testcase classname="backend.tests.test_iteration8_pdf_exports.TestRevenuePdf" name="test_reception_forbidden" time="0.003" /><testcase classname="backend.tests.test_iteration8_pdf_exports.TestRevenuePdf" name="test_manager_pdf_all_periods[day]" time="0.015" /><testcase classname="backend.tests.test_iteration8_pdf_exports.TestRevenuePdf" name="test_manager_pdf_all_periods[week]" time="0.015" /><testcase classname="backend.tests.test_iteration8_pdf_exports.TestRevenuePdf" name="test_manager_pdf_all_periods[month]" time="0.016" /><testcase classname="backend.tests.test_iteration8_pdf_exports.TestRevenuePdf" name="test_manager_pdf_all_periods[year]" time="0.015" /><testcase classname="backend.tests.test_iteration8_pdf_exports.TestRevenuePdf" name="test_manager_pdf_all_periods[all]" time="0.015" /><testcase classname="backend.tests.test_iteration8_pdf_exports.TestRevenuePdf" name="test_period_all_with_data_minsize" time="0.018" /></testsuite></testsuites>