<?xml version="1.0" encoding="utf-8"?><testsuites name="pytest tests"><testsuite name="pytest" errors="0" failures="0" skipped="0" tests="20" time="2.746" timestamp="2026-05-11T11:06:28.923561+00:00" hostname="agent-env-bbbfac6e-641d-4abe-a1d0-3b4f3302856c"><testcase classname="backend.tests.test_module2_reservations.TestRoleGating" name="test_receptionist_forbidden_list" time="0.612" /><testcase classname="backend.tests.test_module2_reservations.TestRoleGating" name="test_receptionist_forbidden_calendar" time="0.065" /><testcase classname="backend.tests.test_module2_reservations.TestRoleGating" name="test_receptionist_forbidden_payments" time="0.075" /><testcase classname="backend.tests.test_module2_reservations.TestRoleGating" name="test_unauth_list" time="0.061" /><testcase classname="backend.tests.test_module2_reservations.TestListBookings" name="test_list_default" time="0.443" /><testcase classname="backend.tests.test_module2_reservations.TestListBookings" name="test_filter_offer_type_pass_day" time="0.073" /><testcase classname="backend.tests.test_module2_reservations.TestListBookings" name="test_filter_status_pending" time="0.063" /><testcase classname="backend.tests.test_module2_reservations.TestListBookings" name="test_filter_payment_unpaid" time="0.107" /><testcase classname="backend.tests.test_module2_reservations.TestListBookings" name="test_filter_payment_paid" time="0.094" /><testcase classname="backend.tests.test_module2_reservations.TestListBookings" name="test_filter_search_by_surname" time="0.073" /><testcase classname="backend.tests.test_module2_reservations.TestCalendar" name="test_calendar_for_seeded_month" time="0.064" /><testcase classname="backend.tests.test_module2_reservations.TestCalendar" name="test_calendar_invalid_month_400" time="0.060" /><testcase classname="backend.tests.test_module2_reservations.TestDetail" name="test_detail_ok" time="0.064" /><testcase classname="backend.tests.test_module2_reservations.TestDetail" name="test_detail_404" time="0.061" /><testcase classname="backend.tests.test_module2_reservations.TestStatusPatch" name="test_invalid_status_400" time="0.071" /><testcase classname="backend.tests.test_module2_reservations.TestStatusPatch" name="test_confirm_pending_booking" time="0.134" /><testcase classname="backend.tests.test_module2_reservations.TestStatusPatch" name="test_status_404" time="0.063" /><testcase classname="backend.tests.test_module2_reservations.TestPaymentPatch" name="test_mark_cash_paid_auto_confirms" time="0.212" /><testcase classname="backend.tests.test_module2_reservations.TestPaymentPatch" name="test_payment_404" time="0.063" /><testcase classname="backend.tests.test_module2_reservations.TestPaymentsSummary" name="test_summary_shape" time="0.066" /></testsuite></testsuites>