<?xml version="1.0" encoding="utf-8"?><testsuites name="pytest tests"><testsuite name="pytest" errors="0" failures="0" skipped="0" tests="35" time="9.156" timestamp="2026-05-11T13:26:10.057121+00:00" hostname="agent-env-bbbfac6e-641d-4abe-a1d0-3b4f3302856c"><testcase classname="backend.tests.test_phase2_modules.TestClients" name="test_list_clients_manager" time="3.185" /><testcase classname="backend.tests.test_phase2_modules.TestClients" name="test_list_clients_reception_forbidden" time="0.388" /><testcase classname="backend.tests.test_phase2_modules.TestClients" name="test_client_detail" time="0.071" /><testcase classname="backend.tests.test_phase2_modules.TestClients" name="test_client_detail_404" time="0.095" /><testcase classname="backend.tests.test_phase2_modules.TestClients" name="test_clients_csv_export" time="0.076" /><testcase classname="backend.tests.test_phase2_modules.TestRevenue" name="test_revenue_periods[day]" time="0.084" /><testcase classname="backend.tests.test_phase2_modules.TestRevenue" name="test_revenue_periods[week]" time="0.072" /><testcase classname="backend.tests.test_phase2_modules.TestRevenue" name="test_revenue_periods[month]" time="0.082" /><testcase classname="backend.tests.test_phase2_modules.TestRevenue" name="test_revenue_periods[year]" time="0.075" /><testcase classname="backend.tests.test_phase2_modules.TestRevenue" name="test_revenue_periods[all]" time="0.079" /><testcase classname="backend.tests.test_phase2_modules.TestRevenue" name="test_revenue_reception_forbidden" time="0.068" /><testcase classname="backend.tests.test_phase2_modules.TestKaaiTables" name="test_list_tables_seeds_36" time="0.071" /><testcase classname="backend.tests.test_phase2_modules.TestKaaiTables" name="test_manager_create_table" time="0.167" /><testcase classname="backend.tests.test_phase2_modules.TestKaaiTables" name="test_manager_patch_table" time="0.069" /><testcase classname="backend.tests.test_phase2_modules.TestKaaiTables" name="test_manager_cannot_delete_table" time="0.062" /><testcase classname="backend.tests.test_phase2_modules.TestKaaiTables" name="test_admin_can_delete_table" time="0.356" /><testcase classname="backend.tests.test_phase2_modules.TestKaaiTables" name="test_kaai_day_and_assign_table" time="0.445" /><testcase classname="backend.tests.test_phase2_modules.TestKaaiTables" name="test_assign_table_404_booking" time="0.069" /><testcase classname="backend.tests.test_phase2_modules.TestHebergement" name="test_today_arrivals" time="0.131" /><testcase classname="backend.tests.test_phase2_modules.TestHebergement" name="test_today_departures" time="0.071" /><testcase classname="backend.tests.test_phase2_modules.TestHebergement" name="test_today_reception_allowed" time="0.068" /><testcase classname="backend.tests.test_phase2_modules.TestHebergement" name="test_calendar" time="0.067" /><testcase classname="backend.tests.test_phase2_modules.TestHebergement" name="test_calendar_bad_month" time="0.069" /><testcase classname="backend.tests.test_phase2_modules.TestHebergement" name="test_calendar_reception_forbidden" time="0.071" /><testcase classname="backend.tests.test_phase2_modules.TestLoisirs" name="test_list_events" time="0.067" /><testcase classname="backend.tests.test_phase2_modules.TestLoisirs" name="test_list_events_reception_forbidden" time="0.065" /><testcase classname="backend.tests.test_phase2_modules.TestLoisirs" name="test_patch_event_404" time="0.070" /><testcase classname="backend.tests.test_phase2_modules.TestLoisirs" name="test_patch_event_invalid_status" time="0.081" /><testcase classname="backend.tests.test_phase2_modules.TestLoisirs" name="test_patch_event_flow" time="0.141" /><testcase classname="backend.tests.test_phase2_modules.TestConfigUsers" name="test_list_admin_only" time="0.217" /><testcase classname="backend.tests.test_phase2_modules.TestConfigUsers" name="test_create_login_update_delete_user" time="1.758" /><testcase classname="backend.tests.test_phase2_modules.TestConfigUsers" name="test_admin_cannot_delete_self" time="0.137" /><testcase classname="backend.tests.test_phase2_modules.TestConfigOffers" name="test_list_offers_admin" time="0.134" /><testcase classname="backend.tests.test_phase2_modules.TestConfigOffers" name="test_offer_override_and_public_reflects" time="0.347" /><testcase classname="backend.tests.test_phase2_modules.TestConfigOffers" name="test_offer_override_404" time="0.069" /></testsuite></testsuites>