<?xml version="1.0" encoding="utf-8"?><testsuites name="pytest tests"><testsuite name="pytest" errors="0" failures="0" skipped="0" tests="18" time="2.557" timestamp="2026-05-04T16:17:52.575875+00:00" hostname="agent-env-bbbfac6e-641d-4abe-a1d0-3b4f3302856c"><testcase classname="backend.tests.test_bbr_phase1.TestOffers" name="test_list_offers_has_four" time="0.810" /><testcase classname="backend.tests.test_bbr_phase1.TestOffers" name="test_le_kaai_is_free" time="0.072" /><testcase classname="backend.tests.test_bbr_phase1.TestOffers" name="test_pass_day_weekdays_only" time="0.070" /><testcase classname="backend.tests.test_bbr_phase1.TestOffers" name="test_sunset_saturday_only" time="0.094" /><testcase classname="backend.tests.test_bbr_phase1.TestOffers" name="test_brunch_sunday_only" time="0.072" /><testcase classname="backend.tests.test_bbr_phase1.TestOffers" name="test_unknown_offer" time="0.060" /><testcase classname="backend.tests.test_bbr_phase1.TestAvailability" name="test_availability_shape" time="0.062" /><testcase classname="backend.tests.test_bbr_phase1.TestPassDayBooking" name="test_create_pay_pass_day" time="0.415" /><testcase classname="backend.tests.test_bbr_phase1.TestLeKaaiBooking" name="test_le_kaai_free_total_zero" time="0.211" /><testcase classname="backend.tests.test_bbr_phase1.TestLeKaaiBooking" name="test_le_kaai_weekday_uses_2h_grid" time="0.064" /><testcase classname="backend.tests.test_bbr_phase1.TestDayRestrictions" name="test_pass_day_rejects_weekend" time="0.067" /><testcase classname="backend.tests.test_bbr_phase1.TestDayRestrictions" name="test_sunset_only_saturday" time="0.063" /><testcase classname="backend.tests.test_bbr_phase1.TestDayRestrictions" name="test_brunch_only_sunday" time="0.068" /><testcase classname="backend.tests.test_bbr_phase1.TestValidation" name="test_participants_count_mismatch" time="0.067" /><testcase classname="backend.tests.test_bbr_phase1.TestValidation" name="test_past_date_rejected" time="0.066" /><testcase classname="backend.tests.test_bbr_phase1.TestValidation" name="test_bad_date_format" time="0.067" /><testcase classname="backend.tests.test_bbr_phase1.TestValidation" name="test_invalid_email" time="0.071" /><testcase classname="backend.tests.test_bbr_phase1.TestEventPrivatization" name="test_create_event_request" time="0.062" /></testsuite></testsuites>