<?xml version="1.0" encoding="utf-8"?><testsuites name="pytest tests"><testsuite name="pytest" errors="0" failures="0" skipped="0" tests="20" time="3.468" timestamp="2026-05-04T10:36:29.621939+00:00" hostname="agent-env-bbbfac6e-641d-4abe-a1d0-3b4f3302856c"><testcase classname="backend.tests.test_bbr_api.TestOffers" name="test_list_offers" time="0.305" /><testcase classname="backend.tests.test_bbr_api.TestOffers" name="test_get_offer_by_id" time="0.050" /><testcase classname="backend.tests.test_bbr_api.TestOffers" name="test_get_offer_not_found" time="0.045" /><testcase classname="backend.tests.test_bbr_api.TestAuth" name="test_client_register_duplicate" time="0.328" /><testcase classname="backend.tests.test_bbr_api.TestAuth" name="test_client_login_success" time="0.278" /><testcase classname="backend.tests.test_bbr_api.TestAuth" name="test_client_login_invalid" time="0.277" /><testcase classname="backend.tests.test_bbr_api.TestAuth" name="test_auth_me" time="0.049" /><testcase classname="backend.tests.test_bbr_api.TestAuth" name="test_auth_me_without_token" time="0.047" /><testcase classname="backend.tests.test_bbr_api.TestAuth" name="test_staff_login[admin@boulay.ci-Admin@2026-admin]" time="0.277" /><testcase classname="backend.tests.test_bbr_api.TestAuth" name="test_staff_login[manager@boulay.ci-Manager@2026-manager]" time="0.270" /><testcase classname="backend.tests.test_bbr_api.TestAuth" name="test_staff_login[reception@boulay.ci-Reception@2026-receptionist]" time="0.269" /><testcase classname="backend.tests.test_bbr_api.TestAuth" name="test_staff_login_wrong_password" time="0.269" /><testcase classname="backend.tests.test_bbr_api.TestAvailability" name="test_availability_returns_fields" time="0.055" /><testcase classname="backend.tests.test_bbr_api.TestAvailability" name="test_availability_unknown_offer" time="0.047" /><testcase classname="backend.tests.test_bbr_api.TestBookings" name="test_create_booking_requires_auth" time="0.049" /><testcase classname="backend.tests.test_bbr_api.TestBookings" name="test_create_booking_past_date" time="0.049" /><testcase classname="backend.tests.test_bbr_api.TestBookings" name="test_create_booking_bad_date_format" time="0.048" /><testcase classname="backend.tests.test_bbr_api.TestBookings" name="test_booking_lifecycle" time="0.364" /><testcase classname="backend.tests.test_bbr_api.TestBookings" name="test_booking_capacity_check" time="0.148" /><testcase classname="backend.tests.test_bbr_api.TestEvents" name="test_event_privatization" time="0.065" /></testsuite></testsuites>