<?xml version="1.0" encoding="utf-8"?><testsuites name="pytest tests"><testsuite name="pytest" errors="0" failures="0" skipped="0" tests="22" time="9.245" timestamp="2026-05-11T10:25:10.523411+00:00" hostname="agent-env-bbbfac6e-641d-4abe-a1d0-3b4f3302856c"><testcase classname="backend.tests.test_staff_backoffice.TestStaffAuth" name="test_admin_login_ok" time="0.488" /><testcase classname="backend.tests.test_staff_backoffice.TestStaffAuth" name="test_manager_login_ok" time="0.268" /><testcase classname="backend.tests.test_staff_backoffice.TestStaffAuth" name="test_reception_login_ok" time="0.270" /><testcase classname="backend.tests.test_staff_backoffice.TestStaffAuth" name="test_bad_password_401" time="0.269" /><testcase classname="backend.tests.test_staff_backoffice.TestStaffAuth" name="test_dashboard_requires_auth" time="0.044" /><testcase classname="backend.tests.test_staff_backoffice.TestDashboard" name="test_dashboard_with_admin" time="0.316" /><testcase classname="backend.tests.test_staff_backoffice.TestBateaux" name="test_list_seeded" time="0.053" /><testcase classname="backend.tests.test_staff_backoffice.TestBateaux" name="test_manager_can_create" time="0.313" /><testcase classname="backend.tests.test_staff_backoffice.TestBateaux" name="test_manager_can_patch" time="0.045" /><testcase classname="backend.tests.test_staff_backoffice.TestBateaux" name="test_manager_cannot_delete" time="0.044" /><testcase classname="backend.tests.test_staff_backoffice.TestBateaux" name="test_admin_can_delete" time="0.044" /><testcase classname="backend.tests.test_staff_backoffice.TestTraversees" name="test_create_crossing_creates_return" time="0.136" /><testcase classname="backend.tests.test_staff_backoffice.TestTraversees" name="test_status_update" time="0.097" /><testcase classname="backend.tests.test_staff_backoffice.TestTraversees" name="test_board_and_unboard" time="2.930" /><testcase classname="backend.tests.test_staff_backoffice.TestTraversees" name="test_capacity_exceeded" time="0.227" /><testcase classname="backend.tests.test_staff_backoffice.TestScanner" name="test_scan_valid_token" time="1.044" /><testcase classname="backend.tests.test_staff_backoffice.TestScanner" name="test_scan_invalid_token" time="0.048" /><testcase classname="backend.tests.test_staff_backoffice.TestScanner" name="test_mark_arrived" time="0.047" /><testcase classname="backend.tests.test_staff_backoffice.TestScanner" name="test_scan_requires_auth" time="0.044" /><testcase classname="backend.tests.test_staff_backoffice.TestPublicRegression" name="test_offers_still_work" time="0.044" /><testcase classname="backend.tests.test_staff_backoffice.TestPublicRegression" name="test_pass_day_full_flow" time="1.002" /><testcase classname="backend.tests.test_staff_backoffice.TestPublicRegression" name="test_le_kaai_free_flow" time="1.367" /></testsuite></testsuites>